mode: set
pubsub/pubsub.go:77.48,85.2 3 1
pubsub/pubsub.go:88.25,91.15 2 1
pubsub/pubsub.go:105.2,105.26 1 1
pubsub/pubsub.go:91.15,92.34 1 1
pubsub/pubsub.go:101.3,101.20 1 1
pubsub/pubsub.go:92.34,93.40 1 1
pubsub/pubsub.go:98.4,98.30 1 1
pubsub/pubsub.go:93.40,96.5 2 1
pubsub/pubsub.go:105.26,106.19 1 1
pubsub/pubsub.go:108.3,111.46 2 1
pubsub/pubsub.go:115.4,115.45 1 1
pubsub/pubsub.go:117.3,118.50 1 1
pubsub/pubsub.go:122.3,123.42 1 1
pubsub/pubsub.go:130.3,131.50 1 1
pubsub/pubsub.go:146.3,147.19 1 1
pubsub/pubsub.go:111.46,113.5 1 1
pubsub/pubsub.go:118.50,120.5 1 1
pubsub/pubsub.go:123.42,124.12 1 1
pubsub/pubsub.go:125.5,125.24 0 1
pubsub/pubsub.go:126.5,126.13 0 0
pubsub/pubsub.go:131.50,132.56 1 1
pubsub/pubsub.go:132.56,133.13 1 1
pubsub/pubsub.go:134.6,135.35 1 1
pubsub/pubsub.go:136.6,137.50 1 1
pubsub/pubsub.go:139.6,141.6 1 1
pubsub/pubsub.go:142.5,144.5 1 1
pubsub/pubsub.go:153.63,155.2 1 1
pubsub/pubsub.go:158.65,160.2 1 1
pubsub/pubsub.go:163.62,165.2 1 1
pubsub/pubsub.go:168.78,175.18 4 1
pubsub/pubsub.go:179.2,179.37 1 1
pubsub/pubsub.go:175.18,177.3 1 1
pubsub/pubsub.go:183.27,185.2 1 1
